git add README.md && git commit -i README.md 
&echo :::::::::  :::    ::: :::    ::: ::::::  ::::::::  :::       :::    :::::::::::    ::::    :::    :::   :::    
echo :+:    :+: :+:   :+:  :+:   :+:     :+: :+:    :+: :+:       :+:  :+: :+:+:+:+:+:  :+:+:   :+:    :+:   :+:    
echo +:+    +:+ +:+  +:+   +:+  +:+      +:+ +:+        +:+       +:+ +:+ +:+   +:+ +:+ :+:+:+  +:+ +:+:+:+:+:+:+:+ 
echo +#++:++#+  +#+ +#+    +#++:++       +#+ +#++:++#++ +#+  +:+  +#+ +#+ +:+   +#+ +:+ +#+ +:+ +#+    +#+   +:+    
echo +#+    +#+ +#+  +#+   +#+  +#+      +#+        +#+ +#+ +#+#+ +#+ +#+ +#+   +#+ +#+ +#+  +#+#+# +#+#+#+#+#+#+#+ 
echo #+#    #+#       #+#  #+#   #+#     #+# #+#    #+#  #+#+# #+#+#   #+# #+#+#+#+#+   #+#   #+#+#    #+#   #+#    
echo #########  B!<k]Sw@n#  ##    ### ######  ########    ###   ###      #####          ###    ####    ###   ###    
echo 
# | <| <| 
 << | | | ! 1 0 ! | " | >> 
 |> |> | [0] l <| <| 
 << | | | ! 2 X ! | | | >> 
 |> |> | " "
echo 
echo " 
echo 0
echo ""
echo 1
echo 0 " echo" 
echo
echo 0
echo 1
echo 1
echo 0
echo 0
echo 0
echo 1
echo 0
echo 1
echo 2
echo 2222222222222222222222222222222222222222222222222222222
echo 222
echo 0
[?2004h
[?1049h
[22;0;0t
[1;50r
[?7h
[39;49m
[?1h
[?1h
[?25l
[39;49m
[48;99H
echo [0;7m[ New File ]
[0;7m  GNU nano 6.4                                                                                          echo echo .log echo                                                                                                      
[1;208H
echo 
[49d
[0;7m^G
[m Help
[49;18H
[0;7m^O
[m Write Out     
[0;7m^W
[m Where Is
[52G
[0;7m^K
[m  Cut
[49;69H
[0;7m^T
[m Execute
[86G
[0;7m^C
[m Location
[103G
[0;7mM-U
[m Undo
[49;120H
[0;7mM-A
echo (B
[m Set Mark     
[0;7mM-]
[m To Bracket   
[0;7mM-Q
[m Previous     
[0;7m^B
[m Back
[49;188H
echo [0;7m^
[m Prev Word
[50d
[0;7m^X
[m Exit
[50;18H
[0;7m^R
[m Read File     
[0;7m^\
[m Replace
[52G
[0;7m^U
[m Paste
[50;69H
[0;7m^J
[m Justify
[86G
[0;7m^/
[m Go To Line    
[0;7mM-E
[m Redo
[50;120H
[0;7mM-6
[m  Copy
[50;137H
[0;7m^Q
[m Where Was     
[0;7mM-W
[m Next
[50;171H
[0;7m^F
[m Forward
[188G
[0;7m^
[m Next Word
[?12l
[?25h
[?25l
[1;200H
[0;7mModified
[?12l
[?25h
[2decho:::::::
[?25l
[48d
[?12l
[?25h
[2;10H::  :::    ::: :::    ::: ::::
[?25l
[?12l
[?25h::  :
[?25l
[?12l
[?25h::::
[?25l
[?12l
[?25h::: 
[?25l
[?12l
[?25h ::: 
[?25l
[?12l
[?25h
[64G:::    
[?25l
[?12l
[?25h::::
[?25l
[?12l
[?25h::::
[?25l
[?12l
[?25h:::  
[?25l
[?12l
[?25h  :::
[?25l
[?12l
[?25h:    :
[?25l
[?12l
[?25h::    
[?25l
[?12l
[?25h:::  
[?25l
[?12l
[?25h ::: 
[?25l   "
[?12l
[?25h"
[?25l
[?12l
[?25h :+:    :+: 
[?25l
[?12l
[?25h:+:   
[?25l
[?12l
[?25h:+:  :
[?25l
[?12l
[?25h+:   :
[?25l
[?12l
[?25h+:    
[?25l
[?12l
[?25h :+: :
[?25l
[?12l
[?25h+:    
[?25l
[?12l
[?25h:+: :
[?25l
[?12l
[?25h+:
[64G:+:  :+: :+:+:+
[?25l
[?12l
[?25h:+:+:
[?25l
[?12l
[?25h  :+:+
[?25l
[?12l
[?25h:   :+
[?25l
[?12l
[?25h:    :
[?25l
[?12l
[?25h+:   :
[?25l+:    "
[?12l
[?25hecho+:
[?25l
[?12l
[?25h+    +:
[?25l
[?12l
[?25h+ +:+  
[?25l
[?12l
[?25h+:+   +
[?25l
[?12l
[?25h:+  +:+
[39G+
[?25l
[?12l
[?25h:+ +:+
[4;54H+:+    
[?25l
[?12l
[?25h   +:+ 
[?25l
[?12l
[?25h+:+ +:
[?25l
[?12l
[?25h+   +:+ +:+ :
[?25l
[?12l
[?25h+:+:+  +:+ +:
[?25l
[?12l
[?25h+:+:+
[?25l
[?12l
[?25h:+:+:
[?25l+:+ "
[?12l
[?25h
[?25l
[?12l
[?25hecho+#++
[?25l
[?12l
[?25h:++#+ 
[?25l
[?12l
[?25h +#+ +#
[?25l
[?12l
[?25h+    +#++:++ 
[?25l
[?12l
[?25h
[39G+#
[?25l
[?12l
[?25h+ +#++
[?25l
[?12l
[?25h:++#++
[?25l
[?12l
[?25h +#+  +
[?25l
[?12l
[?25h:+  +#
[?25l
[?12l
[?25h+ +#+ +
[?25l
[?12l
[?25h:+   +#
[?25l
[?12l
[?25h+ +:+ 
[?25l
[?12l
[?25h+#+ +:
[?25l
[?12l
[?25h+ +#+  
[?25l
[?12l
[?25h  +#+  
[?25l
[?12l
[?25h +:+   
[?25l "
[?12l
[?25hecho+
[?25l
[?12l
[?25h#+    +
[?25l
[?12l
[?25h#+ +#+  +#+   +#+  +
[?25l
[?12l
[?25h#+
[39G+#+   
[?25l
[?12l
[?25h
[50G+#
[?25l
[?12l
[?25h+ +#+ +
[?25l
[?12l
[?25h#+#+ +
[?25l
[?12l
[?25h#+ +#+ +#+   
[?25l
[?12l
[?25h+#+ +#
[?25l
[?12l
[?25h+ +#+  
[?25l
[?12l
[?25h+#+#+#
[?25l
[?12l
[?25h +#+#
[?25l
[?12l
[?25h+#+#+#
[?25l
[?12l
[?25h+#+#+
[?25l "
[?12l
[?25hecho#
[?25l
[?12l
[?25h+#    
[?25l
[?12l
[?25h#+#   
[?25l
[?12l
[?25h    #+#  #+#
[?25l
[?12l
[?25h   #+#
[?25l
[?12l
[?25h
[39G#+# #+#
[?25l
[?12l
[?25h    #+#
[?25l
[?12l
[?25h  #+#+# #+#
[?25l
[?12l
[?25h+#   #
[?25l
[?12l
[?25h+# #+
[?25l
[?12l
[?25h#+#+#
[?25l
[?12l
[?25h+#+   #
[?25l
[?12l
[?25h+#   #+#+# 
[?25l
[?12l
[?25h   #+#   #+#
[?25l    "
[?12l
[?25h"
[?25l
[?12l
[?25h ###
[?25l
[?12l
[?25h######  B
[?25l
[?12l
[?25h!<k]S
[?25l
[?12l
[?25hw@n#  
[?25l
[?12l
[?25h##    ### #
[?25l
[?12l
[?25h####
[?25l
[?12l
[?25h#  ##
[?25l
[?12l
[?25h######   
[?25l
[?12l
[?25h ###   ###
[?25l
[?12l
[?25h
[71G#####
[?25l
[?12l
[?25h
[8;84H
[?25l
[?12l
[?25h  ###
[?25l
[?12l
[?25h    ##
[?25l
[?12l
[?25h##    
[?25l
[?12l
[?25h###  
[?25l
[?12l
[?25h ### 
[?25l   "
[?12l
[?25h"
[?25l
[?12l
[?25h | <| <|
[?25l
[?12l
[?25h 
[?25l
[?12l
[?25h << | | 
[?25l
[?12l
[?25h| ! 1 0
[?25l
[?12l
[?25h ! | | 
[?25l
[?12l
[?25h| >> 
[?25l
[?12l
[?25h > 
 |> |> 
[?25l
[?12l
[?25h|    | <
[?25l
[?12l
[?25h| <| 
 << 
[?25l
[?12l
[?25h| | | !
[?25l
[?12l
[?25h 2 X ! | | | >
[?25l
[?12l
[?25h> 
[?25l
[?12l
[?25h 
[?25l
[?12l
[?25h |> | "
[?25l
[10d""
[11d
[?12l
[?25h"
[?25l"
[12d""
[13d
[?12l
[?25hecho_/
[?25l
[?12l
[?25h\/\/\/
[?25l
[?12l
[?25h\/\____/\
[?25l
[?12l
[?25h/\___
[?25l
[?12l
[?25h___/\/\__
[?25l
[?12l
[?25h/\/\_
[?25l
[?12l
[?25h____
[?25l
[?12l
[?25h____
[?25l
[?12l
[?25h___/\/\__
[?25l
[?12l
[?25h____
[?25l
[?12l
[?25h________
[?25l
[?12l
[?25h____
[?25l
[?12l
[?25h____
[?25l
[?12l
[?25h____
[?25l
[?12l
[?25h____
[?25l
[?12l
[?25h____
[?25l
[?12l
[?25h____
[?25l
[?12l
[?25h____
[?25l
[?12l
[?25h____
[?25l
[?12l
[?25h____
[?25l
[?12l
[?25h____
[?25l
[?12l
[?25h____
[?25l
[?12l
[?25h____
[?25l_"
[14d
[?12l
[?25hecho_/\/
[?25l
[?12l
[?25h\____/\/\_
[?25l
[?12l
[?25h_/\/
[?25l
[?12l
[?25h\____
[?25l
[?12l
[?25h/\/\____/
[?25l
[?12l
[?25h\/\__
[?25l
[?12l
[?25h/\/\_
[?25l
[?12l
[?25h___/
[?25l
[?12l
[?25h\/\/\
[?25l
[?12l
[?25h/\/\__/\/\
[?25l
[?12l
[?25h____
[?25l
[?12l
[?25h__/\/\__/
[?25l
[?12l
[?25h\/\/\_
[?25l
[?12l
[?25h____
[?25l
[?12l
[?25h_/\/\/\/\_
[?25l
[?12l
[?25h____
[?25l
[?12l
[?25h________
[?25l
[?12l
[?25h____
[?25l
[?12l
[?25h____
[?25l"
[15d
[?12l
[?25hecho_
[?25l
[?12l
[?25h/\/\/
[?25l
[?12l
[?25h\/\/\
[?25l
[?12l
[?25h____
[?25l
[?12l
[?25h/\/\_
[?25l
[?12l
[?25h_/\/\
[?25l
[?12l
[?25h____
[?25l
[?12l
[?25h__/\/
[?25l
[?12l
[?25h\/\/\
[?25l
[?12l
[?25h____/\/\/
[?25l
[?12l
[?25h\/\__
[?25l
[?12l
[?25h____
[?25l
[?12l
[?25h/\/\_
[?25l
[?12l
[?25h_/\__
[?25l
[?12l
[?25h/\/\_
[?25l
[?12l
[?25h____
[?25l
[?12l
[?25h_/\/
[?25l
[?12l
[?25h\____
[?25l
[?12l
[?25h/\/\_
[?25l
[?12l
[?25h_/\/
[?25l
[?12l
[?25h\________
[?25l
[?12l
[?25h____
[?25l
[?12l
[?25h____
[?25l
[?12l
[?25h___"
[?25l
[16d
[?12l
[?25hecho_/
[?25l
[?12l
[?25h\/\__
[?25l
[?12l
[?25h__/\
[?25l
[?12l
[?25h/\__/
[?25l
[?12l
[?25h\/\__
[?25l
[?12l
[?25h__/\/\___
[?25l
[?12l
[?25h_/\/\/\/\_
[?25l
[?12l
[?25h____
[?25l
[?12l
[?25h___/
[?25l
[?12l
[?25h\/\/\
[?25l
[?12l
[?25h/\__/
[?25l
[?12l
[?25h\/\/\
[?25l
[?12l
[?25h/\/\/\/\__
[?25l
[?12l
[?25h/\/\/
[?25l
[?12l
[?25h\/\__
[?25l
[?12l
[?25h__/\/
[?25l
[?12l
[?25h\__/
[?25l
[?12l
[?25h\/\__
[?25l
[?12l
[?25h/\/\_
[?25l
[?12l
[?25h_/\/\
[?25l
[?12l
[?25h__/\/
[?25l\_"
[17d
[?12l
[?25h"
[?25l
[?12l
[?25h _/\/\/\/\
[?25l
[?12l
[?25h/\___
[?25l
[?12l
[?25h_/\/
[?25l
[?12l
[?25h\____
[?25l
[?12l
[?25h__/\/\__/
[?25l
[?12l
[?25h\/\__/\/\_
[?25l
[?12l
[?25h_/\/
[?25l
[?12l
[?25h\/\/\/
[?25l
[?12l
[?25h\___
[?25l
[?12l
[?25h___/
[?25l
[?12l
[?25h\/\__
[?25l
[?12l
[?25h/\/\____/
[?25l
[?12l
[?25h\/\/\/
[?25l
[?12l
[?25h\/\__
[?25l
[?12l
[?25h/\/\__/\/
[?25l
[?12l
[?25h\__/\
[?25l
[?12l
[?25h/\__/
[?25l
[?12l
[?25h\/\__
[?25l
[?12l
[?25h/\/\_
[?25l"
[18d
[?12l
[?25hecho_
[?25l
[?12l
[?25h________
[?25l
[?12l
[?25h____
[?25l
[?12l
[?25h__/\/\___
[?25l
[?12l
[?25h________
[?25l
[?12l
[?25h____
[?25l
[?12l
[?25h________
[?25l
[?12l
[?25h_____/\/
[?25l
[?12l
[?25h\____
[?25l
[?12l
[?25h________
[?25l
[?12l
[?25h________
[?25l
[?12l
[?25h____
[?25l
[?12l
[?25h____
[?25l
[?12l
[?25h____
[?25l
[?12l
[?25h____
[?25l
[?12l
[?25h____
[?25l
[?12l
[?25h____
[?25l
[?12l
[?25h____
[?25l
[?12l
[?25h____
[?25l
[?12l
[?25h_.B!
[?25l<k]Sw@n "
[19d
[?12l
[?25h"
[?25l
[?12l
[?25h]"ungtb10d#
[19;25H
[?25l
[49;18H
[28X
[49;52H 
[0;7mM-D
[m DOS Format            
[86G           
[103G  
[0;7mM-A
[m Append
[42X
[49;157H
[0;7mM-B
[m Backup File
[50;2H
[0;7mC
[m Cancel
[50;18H
[27X
[50;52H 
[0;7mM-M
[m Mac Format            
[86G
[19X
[50;105H
[0;7mM-P
[m Prepend            
[50;137H
[20X
[50;157H
[0;7m^T
[m Browse
[48d
[0;7mFile Name to Write: .log                                                                                                                                                                                         
[48;25H
[?12l
[?25h
[?25l
[48;97H
[1K 
[0;7m[ Writing... ]
[1;200H
[0;7m        
[48;96H
[0;7m[ Wrote 18 lines ]
[49;18H
[0;7m^O
[m Write Out     
[0;7m^W
[m Where Is
[52G
[0;7m^K
[m Cut           
[0;7m^T
[m Execute
[86G
[0;7m^C
[m Location
[103G
[0;7mM-U
[m Undo         
[0;7mM-A
[m Set Mark     
[0;7mM-]
[m To Bracket   
[0;7mM-Q
[m Previous     
[0;7m^B
[m Back
[49;188H
[0;7m^
[m Prev Word
[50;2H
[0;7mX
[m Exit  
[50;18H
[0;7m^R
[m Read File     
[0;7m^\
[m Replace
[52G
[0;7m^U
[m Paste         
[0;7m^J
[m Justify
[86G
[0;7m^/
[m Go To Line    
[0;7mM-E
[m Redo         
[0;7mM-6
[m Copy
[50;137H
[0;7m^Q
[m Where Was     
[0;7mM-W
[m Next         
[0;7m^F
[m Forward
[188G
[0;7m^
[m Next Word
[?12l
[?25h
[19;25H
[?25l
[48d
[50d
[?12l
[?25h
[50;1H
[?1049l
[23;0;0t
[?1l
[?2004l
[https://github.com/blcksec/PlayableVideoGeneration/blob/51ae101ffcb73f88e34cf1be98b01ec2e6c693fd/swan.svg](swan.svg)!
![swan](https://user-images.githubusercontent.com/114263485/194735431-c320d66d-150b-48fe-9002-4fdf56224301.svg)  
 echo 0
 echo 2
 echo 1
 echo 3
 echo 4
echo _/\/\/\/\/\____/\/\______/\/\__/\/\____________/\/\_______________________________________________________________
echo _/\/\____/\/\__/\/\____/\/\____/\/\__/\/\____/\/\/\/\/\__/\/\______/\/\__/\/\/\______/\/\/\/\_____________________
echo _/\/\/\/\/\____/\/\__/\/\______/\/\/\/\____/\/\/\/\______/\/\__/\__/\/\______/\/\____/\/\__/\/\___________________
echo _/\/\____/\/\__/\/\____/\/\____/\/\/\/\________/\/\/\/\__/\/\/\/\/\/\/\__/\/\/\/\____/\/\__/\/\__/\/\__/\/\__/\/\_
echo _/\/\/\/\/\____/\/\______/\/\__/\/\__/\/\__/\/\/\/\/\______/\/\__/\/\____/\/\/\/\/\__/\/\__/\/\__/\/\__/\/\__/\/\_
echo _______________/\/\____________________________/\/\_____________________________________________________.B!<k]Sw@n 
echo ]"ungtb10d"# > SO.ME
echo 
date
git push -f && git pull &
